  JogoAventuraV2.cpp
c:\users\ricardo\desktop\so\jogoaventura2\jogoaventurav2\jogoaventurav2\jogoaventurav2.cpp(140): warning C4244: 'argument': conversion from 'time_t' to 'unsigned int', possible loss of data
c:\users\ricardo\desktop\so\jogoaventura2\jogoaventurav2\jogoaventurav2\jogoaventurav2.cpp(229): warning C4996: 'scanf': This function or variable may be unsafe. Consider using scanf_s instead. To disable deprecation, use _CRT_SECURE_NO_WARNINGS. See online help for details.
  c:\program files (x86)\windows kits\10\include\10.0.10240.0\ucrt\stdio.h(1270): note: see declaration of 'scanf'
c:\users\ricardo\desktop\so\jogoaventura2\jogoaventurav2\jogoaventurav2\jogoaventurav2.cpp(380): warning C4996: 'scanf': This function or variable may be unsafe. Consider using scanf_s instead. To disable deprecation, use _CRT_SECURE_NO_WARNINGS. See online help for details.
  c:\program files (x86)\windows kits\10\include\10.0.10240.0\ucrt\stdio.h(1270): note: see declaration of 'scanf'
c:\users\ricardo\desktop\so\jogoaventura2\jogoaventurav2\jogoaventurav2\jogoaventurav2.cpp(404): warning C4996: 'scanf': This function or variable may be unsafe. Consider using scanf_s instead. To disable deprecation, use _CRT_SECURE_NO_WARNINGS. See online help for details.
  c:\program files (x86)\windows kits\10\include\10.0.10240.0\ucrt\stdio.h(1270): note: see declaration of 'scanf'
c:\users\ricardo\desktop\so\jogoaventura2\jogoaventurav2\jogoaventurav2\jogoaventurav2.cpp(812): warning C4996: 'scanf': This function or variable may be unsafe. Consider using scanf_s instead. To disable deprecation, use _CRT_SECURE_NO_WARNINGS. See online help for details.
  c:\program files (x86)\windows kits\10\include\10.0.10240.0\ucrt\stdio.h(1270): note: see declaration of 'scanf'
c:\users\ricardo\desktop\so\jogoaventura2\jogoaventurav2\jogoaventurav2\jogoaventurav2.cpp(1076): warning C4996: 'scanf': This function or variable may be unsafe. Consider using scanf_s instead. To disable deprecation, use _CRT_SECURE_NO_WARNINGS. See online help for details.
  c:\program files (x86)\windows kits\10\include\10.0.10240.0\ucrt\stdio.h(1270): note: see declaration of 'scanf'
c:\users\ricardo\desktop\so\jogoaventura2\jogoaventurav2\jogoaventurav2\jogoaventurav2.cpp(1077): warning C4996: 'fopen': This function or variable may be unsafe. Consider using fopen_s instead. To disable deprecation, use _CRT_SECURE_NO_WARNINGS. See online help for details.
  c:\program files (x86)\windows kits\10\include\10.0.10240.0\ucrt\stdio.h(205): note: see declaration of 'fopen'
c:\users\ricardo\desktop\so\jogoaventura2\jogoaventurav2\jogoaventurav2\jogoaventurav2.cpp(1104): warning C4996: 'scanf': This function or variable may be unsafe. Consider using scanf_s instead. To disable deprecation, use _CRT_SECURE_NO_WARNINGS. See online help for details.
  c:\program files (x86)\windows kits\10\include\10.0.10240.0\ucrt\stdio.h(1270): note: see declaration of 'scanf'
c:\users\ricardo\desktop\so\jogoaventura2\jogoaventurav2\jogoaventurav2\jogoaventurav2.cpp(1106): warning C4996: 'fopen': This function or variable may be unsafe. Consider using fopen_s instead. To disable deprecation, use _CRT_SECURE_NO_WARNINGS. See online help for details.
  c:\program files (x86)\windows kits\10\include\10.0.10240.0\ucrt\stdio.h(205): note: see declaration of 'fopen'
c:\users\ricardo\desktop\so\jogoaventura2\jogoaventurav2\jogoaventurav2\jogoaventurav2.cpp(1112): warning C4996: 'strcpy': This function or variable may be unsafe. Consider using strcpy_s instead. To disable deprecation, use _CRT_SECURE_NO_WARNINGS. See online help for details.
  c:\program files (x86)\windows kits\10\include\10.0.10240.0\ucrt\string.h(119): note: see declaration of 'strcpy'
c:\users\ricardo\desktop\so\jogoaventura2\jogoaventurav2\jogoaventurav2\jogoaventurav2.cpp(1102): warning C4101: 'campo1': unreferenced local variable
c:\users\ricardo\desktop\so\jogoaventura2\jogoaventurav2\jogoaventurav2\jogoaventurav2.cpp(1183): warning C4996: 'fopen': This function or variable may be unsafe. Consider using fopen_s instead. To disable deprecation, use _CRT_SECURE_NO_WARNINGS. See online help for details.
  c:\program files (x86)\windows kits\10\include\10.0.10240.0\ucrt\stdio.h(205): note: see declaration of 'fopen'
c:\users\ricardo\desktop\so\jogoaventura2\jogoaventurav2\jogoaventurav2\jogoaventurav2.cpp(1194): warning C4996: 'sscanf': This function or variable may be unsafe. Consider using sscanf_s instead. To disable deprecation, use _CRT_SECURE_NO_WARNINGS. See online help for details.
  c:\program files (x86)\windows kits\10\include\10.0.10240.0\ucrt\stdio.h(2254): note: see declaration of 'sscanf'
c:\users\ricardo\desktop\so\jogoaventura2\jogoaventurav2\jogoaventurav2\jogoaventurav2.cpp(1205): warning C4996: 'strcpy': This function or variable may be unsafe. Consider using strcpy_s instead. To disable deprecation, use _CRT_SECURE_NO_WARNINGS. See online help for details.
  c:\program files (x86)\windows kits\10\include\10.0.10240.0\ucrt\string.h(119): note: see declaration of 'strcpy'
c:\users\ricardo\desktop\so\jogoaventura2\jogoaventurav2\jogoaventurav2\jogoaventurav2.cpp(1224): warning C4996: 'fopen': This function or variable may be unsafe. Consider using fopen_s instead. To disable deprecation, use _CRT_SECURE_NO_WARNINGS. See online help for details.
  c:\program files (x86)\windows kits\10\include\10.0.10240.0\ucrt\stdio.h(205): note: see declaration of 'fopen'
c:\users\ricardo\desktop\so\jogoaventura2\jogoaventurav2\jogoaventurav2\jogoaventurav2.cpp(1232): warning C4996: 'fopen': This function or variable may be unsafe. Consider using fopen_s instead. To disable deprecation, use _CRT_SECURE_NO_WARNINGS. See online help for details.
  c:\program files (x86)\windows kits\10\include\10.0.10240.0\ucrt\stdio.h(205): note: see declaration of 'fopen'
  JogoAventuraV2.vcxproj -> C:\Users\Ricardo\Desktop\SO\JogoAventura2\JogoAventuraV2\Debug\JogoAventuraV2.exe
  JogoAventuraV2.vcxproj -> C:\Users\Ricardo\Desktop\SO\JogoAventura2\JogoAventuraV2\Debug\JogoAventuraV2.pdb (Full PDB)
